<?xml version="1.0" encoding="UTF-8"?>
<!-- Generated by org.testng.reporters.JUnitReportReporter -->
<testsuite hostname="RaviRajani" name="learningTestNG2.ParallelSuiteTest" tests="2" failures="0" timestamp="31 Jul 2018 17:08:03 GMT" time="0.032" errors="0">
  <testcase name="testMethodOne" time="0.016" classname="learningTestNG2.ParallelSuiteTest"/>
  <testcase name="testMethodOne" time="0.016" classname="learningTestNG2.ParallelSuiteTest"/>
</testsuite> <!-- learningTestNG2.ParallelSuiteTest -->
