<?xml version="1.0" encoding="UTF-8"?>
<!-- Generated by org.testng.reporters.JUnitReportReporter -->
<testsuite hostname="RaviRajani" name="learningTestNG.TestdependsonGroup" tests="3" failures="0" timestamp="18 Aug 2018 22:44:53 GMT" time="0.023" errors="0">
  <testcase name="testtwo" time="0.003" classname="learningTestNG.TestdependsonGroup"/>
  <testcase name="testone" time="0.002" classname="learningTestNG.TestdependsonGroup"/>
  <testcase name="testthree" time="0.018" classname="learningTestNG.TestdependsonGroup"/>
</testsuite> <!-- learningTestNG.TestdependsonGroup -->
