<?xml version="1.0" encoding="UTF-8"?>
<!-- Generated by org.testng.reporters.JUnitReportReporter -->
<testsuite hostname="RaviRajani" name="learningTestNG2.Test1" tests="6" failures="0" timestamp="24 Jul 2018 18:39:41 GMT" time="0.058" errors="0">
  <testcase name="select" time="0.006" classname="learningTestNG2.Test1"/>
  <testcase name="delete" time="0.008" classname="learningTestNG2.Test1"/>
  <testcase name="cleanup" time="0.002" classname="learningTestNG2.Test1"/>
  <testcase name="update" time="0.004" classname="learningTestNG2.Test1"/>
  <testcase name="insert" time="0.004" classname="learningTestNG2.Test1"/>
  <testcase name="init" time="0.034" classname="learningTestNG2.Test1"/>
</testsuite> <!-- learningTestNG2.Test1 -->
