<?xml version="1.0" encoding="UTF-8"?>
<!-- Generated by org.testng.reporters.JUnitReportReporter -->
<testsuite hostname="RaviRajani" name="learningTestNG2.Parallel2" tests="2" failures="0" timestamp="31 Jul 2018 16:52:06 GMT" time="0.020" errors="0">
  <testcase name="testMethodOne" time="0.013" classname="learningTestNG2.Parallel2"/>
  <testcase name="testMethodTwo" time="0.007" classname="learningTestNG2.Parallel2"/>
</testsuite> <!-- learningTestNG2.Parallel2 -->
