<?xml version="1.0" encoding="UTF-8"?>
<!-- Generated by org.testng.reporters.JUnitReportReporter -->
<testsuite hostname="RaviRajani" name="learningTestNG.Paralleltestclassestwo" tests="2" failures="0" timestamp="17 Aug 2018 08:25:00 GMT" time="0.018" errors="0">
  <testcase name="testMethodOne" time="0.012" classname="learningTestNG.Paralleltestclassestwo"/>
  <testcase name="testMethodTwo" time="0.006" classname="learningTestNG.Paralleltestclassestwo"/>
</testsuite> <!-- learningTestNG.Paralleltestclassestwo -->
