<?xml version="1.0" encoding="UTF-8"?>
<!-- Generated by org.testng.reporters.JUnitReportReporter -->
<testsuite hostname="RaviRajani" name="learningTestNG2.TestNG4" tests="7" failures="0" timestamp="24 Jul 2018 16:02:47 GMT" time="0.029" errors="0">
  <testcase name="accessHomePage" time="0.005" classname="learningTestNG2.TestNG4"/>
  <testcase name="openFileDialog" time="0.002" classname="learningTestNG2.TestNG4"/>
  <testcase name="testUpdate" time="0.002" classname="learningTestNG2.TestNG4"/>
  <testcase name="openConfirmationDialog" time="0.003" classname="learningTestNG2.TestNG4"/>
  <testcase name="accessAdminPage" time="0.012" classname="learningTestNG2.TestNG4"/>
  <testcase name="testDelete" time="0.003" classname="learningTestNG2.TestNG4"/>
  <testcase name="testInsert" time="0.002" classname="learningTestNG2.TestNG4"/>
</testsuite> <!-- learningTestNG2.TestNG4 -->
