<?xml version="1.0" encoding="UTF-8"?>
<!-- Generated by org.testng.reporters.JUnitReportReporter -->
<testsuite hostname="RaviRajani" name="learningTestNG.ParallelTestExecution1" tests="4" failures="0" timestamp="31 Jul 2018 17:49:12 GMT" time="0.039" errors="0">
  <testcase name="test5" time="0.005" classname="learningTestNG.ParallelTestExecution1"/>
  <testcase name="test5" time="0.003" classname="learningTestNG.ParallelTestExecution1"/>
  <testcase name="test4" time="0.025" classname="learningTestNG.ParallelTestExecution1"/>
  <testcase name="test4" time="0.006" classname="learningTestNG.ParallelTestExecution1"/>
</testsuite> <!-- learningTestNG.ParallelTestExecution1 -->
