<?xml version="1.0" encoding="UTF-8"?>
<!-- Generated by org.testng.reporters.JUnitReportReporter -->
<testsuite hostname="RaviRajani" name="learningTestNG.MyTest4" tests="1" failures="0" timestamp="16 Jun 2018 12:34:54 GMT" time="0.020" errors="0">
  <testcase name="smoketest" time="0.020" classname="learningTestNG.MyTest4"/>
</testsuite> <!-- learningTestNG.MyTest4 -->
