<?xml version="1.0" encoding="UTF-8"?>
<!-- Generated by org.testng.reporters.JUnitReportReporter -->
<testsuite hostname="RaviRajani" name="learningTestNG.Day2" tests="1" failures="0" timestamp="27 Apr 2018 18:01:48 GMT" time="0.020" errors="0">
  <testcase name="ploan" time="0.020" classname="learningTestNG.Day2"/>
</testsuite> <!-- learningTestNG.Day2 -->
