<?xml version="1.0" encoding="UTF-8"?>
<!-- Generated by org.testng.reporters.JUnitReportReporter -->
<testsuite hostname="RaviRajani" name="learningTestNG2.TestNG6" tests="1" failures="0" timestamp="24 Jul 2018 17:51:44 GMT" time="0.005" errors="0">
  <testcase name="test3" time="0.005" classname="learningTestNG2.TestNG6"/>
</testsuite> <!-- learningTestNG2.TestNG6 -->
