<?xml version="1.0" encoding="UTF-8"?>
<!-- Generated by org.testng.reporters.JUnitReportReporter -->
<testsuite hostname="RaviRajani" name="learningTestNG2.TestNG5" tests="2" failures="0" timestamp="24 Jul 2018 17:51:44 GMT" time="0.015" errors="0">
  <testcase name="testcase2" time="0.004" classname="learningTestNG2.TestNG5"/>
  <testcase name="testcase1" time="0.011" classname="learningTestNG2.TestNG5"/>
</testsuite> <!-- learningTestNG2.TestNG5 -->
