<?xml version="1.0" encoding="UTF-8"?>
<!-- Generated by org.testng.reporters.JUnitReportReporter -->
<testsuite hostname="RaviRajani" name="learningTestNG.ParallelTestExecution" tests="6" failures="0" timestamp="31 Jul 2018 17:49:12 GMT" time="0.071" errors="0">
  <testcase name="test2" time="0.010" classname="learningTestNG.ParallelTestExecution"/>
  <testcase name="test1" time="0.017" classname="learningTestNG.ParallelTestExecution"/>
  <testcase name="test1" time="0.017" classname="learningTestNG.ParallelTestExecution"/>
  <testcase name="test3" time="0.007" classname="learningTestNG.ParallelTestExecution"/>
  <testcase name="test3" time="0.013" classname="learningTestNG.ParallelTestExecution"/>
  <testcase name="test2" time="0.007" classname="learningTestNG.ParallelTestExecution"/>
</testsuite> <!-- learningTestNG.ParallelTestExecution -->
