<?xml version="1.0" encoding="UTF-8"?>
<!-- Generated by org.testng.reporters.JUnitReportReporter -->
<testsuite hostname="RaviRajani" name="learningTestNG.Day6" tests="2" failures="0" timestamp="27 Apr 2018 19:01:48 GMT" time="0.005" errors="0">
  <testcase name="Test3" time="0.003" classname="learningTestNG.Day6"/>
  <testcase name="Test3" time="0.002" classname="learningTestNG.Day6"/>
</testsuite> <!-- learningTestNG.Day6 -->
