<?xml version="1.0" encoding="UTF-8"?>
<!-- Generated by org.testng.reporters.JUnitReportReporter -->
<testsuite hostname="RaviRajani" name="learningTestNG2.Parallelmethods" tests="2" failures="0" timestamp="31 Jul 2018 17:25:15 GMT" time="0.034" errors="0">
  <testcase name="testcase2" time="0.017" classname="learningTestNG2.Parallelmethods"/>
  <testcase name="testcase1" time="0.017" classname="learningTestNG2.Parallelmethods"/>
</testsuite> <!-- learningTestNG2.Parallelmethods -->
