<?xml version="1.0" encoding="UTF-8"?>
<!-- Generated by org.testng.reporters.JUnitReportReporter -->
<testsuite hostname="RaviRajani" name="learningTestNG2.Test2" tests="3" failures="0" timestamp="24 Jul 2018 04:20:44 GMT" time="0.024" errors="0">
  <testcase name="login" time="0.004" classname="learningTestNG2.Test2"/>
  <testcase name="checkmail" time="0.016" classname="learningTestNG2.Test2"/>
  <testcase name="LogOut" time="0.004" classname="learningTestNG2.Test2"/>
</testsuite> <!-- learningTestNG2.Test2 -->
