<?xml version="1.0" encoding="UTF-8"?>
<!-- Generated by org.testng.reporters.JUnitReportReporter -->
<testsuite hostname="RaviRajani" name="learningTestNG.Grouping" tests="5" failures="0" timestamp="18 Aug 2018 22:11:59 GMT" time="0.048" errors="0">
  <testcase name="Car1" time="0.025" classname="learningTestNG.Grouping"/>
  <testcase name="Scooter2" time="0.007" classname="learningTestNG.Grouping"/>
  <testcase name="Sedan1" time="0.007" classname="learningTestNG.Grouping"/>
  <testcase name="Car2" time="0.007" classname="learningTestNG.Grouping"/>
  <testcase name="Scooter1" time="0.002" classname="learningTestNG.Grouping"/>
</testsuite> <!-- learningTestNG.Grouping -->
