<?xml version="1.0" encoding="UTF-8"?>
<!-- Generated by org.testng.reporters.JUnitReportReporter -->
<testsuite hostname="RaviRajani" name="learningTestNG2.LearningTestNG" tests="2" failures="0" timestamp="31 Jul 2018 16:52:06 GMT" time="0.027" errors="0">
  <testcase name="testMethodTwo" time="0.016" classname="learningTestNG2.LearningTestNG"/>
  <testcase name="testMethodOne" time="0.011" classname="learningTestNG2.LearningTestNG"/>
</testsuite> <!-- learningTestNG2.LearningTestNG -->
