<?xml version="1.0" encoding="UTF-8"?>
<!-- Generated by org.testng.reporters.JUnitReportReporter -->
<testsuite hostname="RaviRajani" name="learningTestNG.Day5" tests="2" failures="0" timestamp="27 Apr 2018 19:01:48 GMT" time="0.017" errors="0">
  <testcase name="test1" time="0.004" classname="learningTestNG.Day5"/>
  <testcase name="test" time="0.013" classname="learningTestNG.Day5"/>
</testsuite> <!-- learningTestNG.Day5 -->
