<?xml version="1.0" encoding="UTF-8"?>
<!-- Generated by org.testng.reporters.JUnitReportReporter -->
<testsuite hostname="RaviRajani" name="learningTestNG2.TestMethodsinparallal" tests="2" failures="0" timestamp="31 Jul 2018 16:44:41 GMT" time="0.047" errors="0">
  <testcase name="testMethodsOne" time="0.027" classname="learningTestNG2.TestMethodsinparallal"/>
  <testcase name="testMethodsTwo" time="0.020" classname="learningTestNG2.TestMethodsinparallal"/>
</testsuite> <!-- learningTestNG2.TestMethodsinparallal -->
