<?xml version="1.0" encoding="UTF-8"?>
<!-- Generated by org.testng.reporters.JUnitReportReporter -->
<testsuite hostname="RaviRajani" name="learningTestNG.MyclassTest2" tests="2" failures="0" timestamp="29 May 2018 04:07:10 GMT" time="0.007" errors="0">
  <testcase name="test4" time="0.004" classname="learningTestNG.MyclassTest2"/>
  <testcase name="test3" time="0.003" classname="learningTestNG.MyclassTest2"/>
</testsuite> <!-- learningTestNG.MyclassTest2 -->
