<?xml version="1.0" encoding="UTF-8"?>
<!-- Generated by org.testng.reporters.JUnitReportReporter -->
<testsuite hostname="RaviRajani" name="learningTestNG.Day1" tests="2" failures="0" timestamp="27 Apr 2018 19:01:09 GMT" time="0.009" errors="0">
  <testcase name="demo" time="0.003" classname="learningTestNG.Day1"/>
  <testcase name="secondtest" time="0.006" classname="learningTestNG.Day1"/>
</testsuite> <!-- learningTestNG.Day1 -->
