<?xml version="1.0" encoding="UTF-8"?>
<!-- Generated by org.testng.reporters.JUnitReportReporter -->
<testsuite hostname="RaviRajani" name="learningTestNG.Multiplegroup" tests="3" failures="0" timestamp="17 Aug 2018 07:05:10 GMT" time="0.015" errors="0">
  <testcase name="testmethodtwo" time="0.000" classname="learningTestNG.Multiplegroup"/>
  <testcase name="testmethodthree" time="0.000" classname="learningTestNG.Multiplegroup"/>
  <testcase name="testmethodone" time="0.015" classname="learningTestNG.Multiplegroup"/>
</testsuite> <!-- learningTestNG.Multiplegroup -->
