<?xml version="1.0" encoding="UTF-8"?>
<!-- Generated by org.testng.reporters.JUnitReportReporter -->
<testsuite hostname="RaviRajani" name="learningTestNG.Paralleltestmethodtwo" tests="2" failures="0" timestamp="18 Aug 2018 12:28:14 GMT" time="0.025" errors="0">
  <testcase name="method3" time="0.022" classname="learningTestNG.Paralleltestmethodtwo"/>
  <testcase name="method4" time="0.003" classname="learningTestNG.Paralleltestmethodtwo"/>
</testsuite> <!-- learningTestNG.Paralleltestmethodtwo -->
