<?xml version="1.0" encoding="UTF-8"?>
<!-- Generated by org.testng.reporters.JUnitReportReporter -->
<testsuite hostname="RaviRajani" name="learningTestNG2.Test7" tests="1" failures="0" timestamp="24 Jul 2018 17:51:44 GMT" time="0.002" errors="0">
  <testcase name="test4" time="0.002" classname="learningTestNG2.Test7"/>
</testsuite> <!-- learningTestNG2.Test7 -->
