<?xml version="1.0" encoding="UTF-8"?>
<!-- Generated by org.testng.reporters.JUnitReportReporter -->
<testsuite hostname="RaviRajani" name="learningTestNG2.Test3$Test1" tests="3" failures="0" timestamp="24 Jul 2018 05:11:53 GMT" time="0.019" errors="0">
  <testcase name="testMethod3" time="0.002" classname="learningTestNG2.Test3$Test1"/>
  <testcase name="testMethod1" time="0.015" classname="learningTestNG2.Test3$Test1"/>
  <testcase name="testMethod2" time="0.002" classname="learningTestNG2.Test3$Test1"/>
</testsuite> <!-- learningTestNG2.Test3$Test1 -->
