<?xml version="1.0" encoding="UTF-8"?>
<!-- Generated by org.testng.reporters.JUnitReportReporter -->
<testsuite hostname="RaviRajani" name="learningTestNG.MyclassTest1" tests="3" failures="0" timestamp="14 Jun 2018 19:32:03 GMT" time="0.016" errors="0">
  <testcase name="test2" time="0.003" classname="learningTestNG.MyclassTest1"/>
  <testcase name="test5" time="0.002" classname="learningTestNG.MyclassTest1"/>
  <testcase name="test1" time="0.011" classname="learningTestNG.MyclassTest1"/>
</testsuite> <!-- learningTestNG.MyclassTest1 -->
