<?xml version="1.0" encoding="UTF-8"?>
<!-- Generated by org.testng.reporters.JUnitReportReporter -->
<testsuite hostname="RaviRajani" name="learningTestNG.Paralleltestmethods" tests="2" failures="0" timestamp="18 Aug 2018 12:28:14 GMT" time="0.024" errors="0">
  <testcase name="method2" time="0.003" classname="learningTestNG.Paralleltestmethods"/>
  <testcase name="method1" time="0.021" classname="learningTestNG.Paralleltestmethods"/>
</testsuite> <!-- learningTestNG.Paralleltestmethods -->
