<?xml version="1.0" encoding="UTF-8"?>
<!-- Generated by org.testng.reporters.JUnitReportReporter -->
<testsuite hostname="RaviRajani" name="learningTestNG.Paralleltestclassesone" tests="2" failures="0" timestamp="17 Aug 2018 08:25:00 GMT" time="0.034" errors="0">
  <testcase name="testMethodsOne" time="0.029" classname="learningTestNG.Paralleltestclassesone"/>
  <testcase name="testMethodsTwo" time="0.005" classname="learningTestNG.Paralleltestclassesone"/>
</testsuite> <!-- learningTestNG.Paralleltestclassesone -->
