<?xml version="1.0" encoding="UTF-8"?>
<!-- Generated by org.testng.reporters.JUnitReportReporter -->
<testsuite hostname="RaviRajani" name="learningTestNG.TestNGdependencyandpriority" tests="4" failures="0" timestamp="18 Aug 2018 21:23:59 GMT" time="0.036" errors="0">
  <testcase name="increaseQty" time="0.023" classname="learningTestNG.TestNGdependencyandpriority"/>
  <testcase name="removeFromCart" time="0.003" classname="learningTestNG.TestNGdependencyandpriority"/>
  <testcase name="emptyCart" time="0.006" classname="learningTestNG.TestNGdependencyandpriority"/>
  <testcase name="decreaseQty" time="0.004" classname="learningTestNG.TestNGdependencyandpriority"/>
</testsuite> <!-- learningTestNG.TestNGdependencyandpriority -->
