<?xml version="1.0" encoding="UTF-8"?>
<!-- Generated by org.testng.reporters.JUnitReportReporter -->
<testsuite hostname="RaviRajani" name="learningTestNG.TestNG1" tests="3" failures="0" timestamp="20 Aug 2018 15:24:24 GMT" time="0.032" errors="0">
  <testcase name="testmethodTwo" time="0.003" classname="learningTestNG.TestNG1"/>
  <testcase name="testmethodthree" time="0.002" classname="learningTestNG.TestNG1"/>
  <testcase name="testMethod" time="0.027" classname="learningTestNG.TestNG1"/>
</testsuite> <!-- learningTestNG.TestNG1 -->
