<?xml version="1.0" encoding="UTF-8"?>
<!-- Generated by org.testng.reporters.JUnitReportReporter -->
<testsuite hostname="RaviRajani" name="learningTestNG.Parameters1" tests="1" failures="0" timestamp="20 Aug 2018 15:24:59 GMT" time="0.025" errors="0">
  <testcase name="chromebrower" time="0.025" classname="learningTestNG.Parameters1"/>
</testsuite> <!-- learningTestNG.Parameters1 -->
