<?xml version="1.0" encoding="UTF-8"?>
<!-- Generated by org.testng.reporters.JUnitXMLReporter -->
<testsuite hostname="RaviRajani" name="Test-class test 1" tests="1" failures="0" timestamp="31 Jul 2018 17:08:03 GMT" time="0.069" errors="0">
  <testcase name="testMethodOne" time="0.016" classname="learningTestNG2.ParallelSuiteTest"/>
</testsuite> <!-- Test-class test 1 -->
