<?xml version="1.0" encoding="UTF-8"?>
<!-- Generated by org.testng.reporters.JUnitReportReporter -->
<testsuite hostname="RaviRajani" name="testng.Datepicker1" tests="1" failures="0" timestamp="29 Apr 2016 02:25:36 GMT" time="11.104" errors="0">
  <testcase name="resizable" time="11.104" classname="testng.Datepicker1"/>
</testsuite> <!-- testng.Datepicker1 -->
