<?xml version="1.0" encoding="UTF-8"?>
<!-- Generated by org.testng.reporters.JUnitReportReporter -->
<testsuite hostname="RaviRajani" name="testng1.Test1" tests="2" failures="0" timestamp="30 Jul 2018 16:21:00 GMT" time="0.019" errors="0">
  <testcase name="testinggroups" time="0.007" classname="testng1.Test1"/>
  <testcase name="Test1" time="0.012" classname="testng1.Test1"/>
</testsuite> <!-- testng1.Test1 -->
