<?xml version="1.0" encoding="UTF-8"?>
<!-- Generated by org.testng.reporters.JUnitReportReporter -->
<testsuite hostname="Lenovo-PC" name="com.testng.TestExecution" tests="1" failures="0" timestamp="12 May 2016 02:40:19 GMT" time="11.922" errors="0">
  <testcase name="test_execution" time="11.922" classname="com.testng.TestExecution"/>
</testsuite> <!-- com.testng.TestExecution -->
