<?xml version="1.0" encoding="UTF-8"?>
<!-- Generated by org.testng.reporters.JUnitReportReporter -->
<testsuite hostname="Lenovo-PC" name="com.testng.DatePicker" tests="1" failures="0" timestamp="14 May 2016 10:13:29 GMT" time="5.308" errors="0">
  <testcase name="zate_picker" time="5.308" classname="com.testng.DatePicker"/>
</testsuite> <!-- com.testng.DatePicker -->
