<?xml version="1.0" encoding="UTF-8"?>
<!-- Generated by org.testng.reporters.JUnitReportReporter -->
<testsuite hostname="Lenovo-PC" name="com.testng.CrossBrowserTesting" tests="2" failures="0" timestamp="14 May 2016 10:41:37 GMT" time="23.162" errors="0">
  <testcase name="multibrowser" time="12.153" classname="com.testng.CrossBrowserTesting"/>
  <testcase name="multibrowser" time="11.009" classname="com.testng.CrossBrowserTesting"/>
</testsuite> <!-- com.testng.CrossBrowserTesting -->
