<?xml version="1.0" encoding="UTF-8"?>
<!-- Generated by org.testng.reporters.JUnitReportReporter -->
<testsuite hostname="Lenovo-PC" name="ScrollBarDemo" tests="1" failures="0" timestamp="6 May 2016 02:52:20 GMT" time="27.525" errors="0">
  <testcase name="scroll_bar_demo" time="27.525" classname="ScrollBarDemo"/>
</testsuite> <!-- ScrollBarDemo -->
