<?xml version="1.0" encoding="UTF-8"?>
<!-- Generated by org.testng.reporters.JUnitReportReporter -->
<testsuite hostname="Lenovo-PC" name="com.testng.Resizable" tests="1" failures="0" timestamp="14 May 2016 10:13:29 GMT" time="15.242" errors="0">
  <testcase name="resizable" time="15.242" classname="com.testng.Resizable"/>
</testsuite> <!-- com.testng.Resizable -->
