<?xml version="1.0" encoding="UTF-8"?>
<!-- Generated by org.testng.reporters.JUnitReportReporter -->
<testsuite hostname="Lenovo-PC" name="DraggableDemo" tests="1" failures="0" timestamp="4 May 2016 02:00:56 GMT" time="3.835" errors="0">
  <testcase name="DraggableDemo" time="3.835" classname="DraggableDemo"/>
</testsuite> <!-- DraggableDemo -->
